{"/Users/eoliveira/dev/workspace/studio/Gruntfile.js":{"path":"/Users/eoliveira/dev/workspace/studio/Gruntfile.js","s":{"1":1,"2":1,"3":1,"4":1,"5":1,"6":1,"7":1,"8":1,"9":1,"10":1,"11":1,"12":1,"13":1,"14":1,"15":1,"16":1,"17":1,"18":1,"19":1,"20":1},"b":{},"f":{},"fnMap":{},"statementMap":{"1":{"start":{"line":1,"column":0},"end":{"line":1,"column":29}},"2":{"start":{"line":2,"column":0},"end":{"line":2,"column":42}},"3":{"start":{"line":3,"column":0},"end":{"line":3,"column":43}},"4":{"start":{"line":4,"column":0},"end":{"line":4,"column":39}},"5":{"start":{"line":5,"column":0},"end":{"line":5,"column":43}},"6":{"start":{"line":6,"column":0},"end":{"line":6,"column":41}},"7":{"start":{"line":7,"column":0},"end":{"line":7,"column":33}},"8":{"start":{"line":8,"column":0},"end":{"line":8,"column":44}},"9":{"start":{"line":9,"column":0},"end":{"line":9,"column":39}},"10":{"start":{"line":10,"column":0},"end":{"line":10,"column":36}},"11":{"start":{"line":11,"column":0},"end":{"line":11,"column":41}},"12":{"start":{"line":12,"column":0},"end":{"line":12,"column":50}},"13":{"start":{"line":14,"column":0},"end":{"line":102,"column":3}},"14":{"start":{"line":103,"column":0},"end":{"line":103,"column":40}},"15":{"start":{"line":104,"column":0},"end":{"line":104,"column":101}},"16":{"start":{"line":105,"column":0},"end":{"line":105,"column":56}},"17":{"start":{"line":106,"column":0},"end":{"line":106,"column":68}},"18":{"start":{"line":107,"column":0},"end":{"line":107,"column":48}},"19":{"start":{"line":108,"column":0},"end":{"line":108,"column":40}},"20":{"start":{"line":109,"column":0},"end":{"line":109,"column":80}}},"branchMap":{}},"/Users/eoliveira/dev/workspace/studio/compiled/core/actor.js":{"path":"/Users/eoliveira/dev/workspace/studio/compiled/core/actor.js","s":{"1":1,"2":1,"3":2,"4":0,"5":1,"6":1,"7":1,"8":1,"9":1,"10":1,"11":1,"12":1,"13":1,"14":1,"15":1,"16":1,"17":1,"18":1,"19":1,"20":1,"21":1,"22":2,"23":2,"24":2,"25":2,"26":2,"27":0,"28":2,"29":0,"30":2,"31":0,"32":2,"33":2,"34":0,"35":1,"36":0,"37":0,"38":0,"39":0,"40":0,"41":0,"42":0,"43":0,"44":0,"45":0,"46":0,"47":0,"48":0,"49":0,"50":0,"51":0,"52":0,"53":0,"54":0,"55":0,"56":0,"57":1,"58":0,"59":0,"60":0,"61":1,"62":0,"63":1,"64":0,"65":0,"66":0,"67":0,"68":0,"69":0,"70":0,"71":0,"72":0,"73":0,"74":0,"75":0,"76":0,"77":0,"78":0,"79":0,"80":0,"81":0,"82":0,"83":0,"84":0,"85":0,"86":1,"87":0,"88":0,"89":0,"90":1,"91":0,"92":1,"93":0,"94":1,"95":1},"b":{"1":[1,0],"2":[0,2],"3":[0,2],"4":[0,2],"5":[0,0],"6":[0,0],"7":[0,0],"8":[0,0],"9":[0,0],"10":[0,0],"11":[0,0],"12":[0,0],"13":[0,0]},"f":{"1":1,"2":2,"3":0,"4":1,"5":1,"6":1,"7":2,"8":0,"9":0,"10":0,"11":0,"12":0,"13":0,"14":0,"15":0,"16":0,"17":0,"18":0,"19":0,"20":0,"21":0,"22":0,"23":0,"24":0,"25":0,"26":0},"fnMap":{"1":{"name":"(anonymous_1)","line":1,"loc":{"start":{"line":1,"column":1},"end":{"line":1,"column":12}}},"2":{"name":"(anonymous_2)","line":3,"loc":{"start":{"line":3,"column":13},"end":{"line":3,"column":29}}},"3":{"name":"(anonymous_3)","line":3,"loc":{"start":{"line":3,"column":38},"end":{"line":3,"column":48}}},"4":{"name":"(anonymous_4)","line":5,"loc":{"start":{"line":5,"column":16},"end":{"line":5,"column":40}}},"5":{"name":"ctor","line":5,"loc":{"start":{"line":5,"column":129},"end":{"line":5,"column":145}}},"6":{"name":"(anonymous_6)","line":17,"loc":{"start":{"line":17,"column":11},"end":{"line":17,"column":28}}},"7":{"name":"Actor","line":20,"loc":{"start":{"line":20,"column":4},"end":{"line":20,"column":28}}},"8":{"name":"(anonymous_8)","line":32,"loc":{"start":{"line":32,"column":57},"end":{"line":32,"column":75}}},"9":{"name":"(anonymous_9)","line":41,"loc":{"start":{"line":41,"column":33},"end":{"line":41,"column":51}}},"10":{"name":"(anonymous_10)","line":43,"loc":{"start":{"line":43,"column":21},"end":{"line":43,"column":37}}},"11":{"name":"(anonymous_11)","line":44,"loc":{"start":{"line":44,"column":15},"end":{"line":44,"column":33}}},"12":{"name":"(anonymous_12)","line":50,"loc":{"start":{"line":50,"column":33},"end":{"line":50,"column":50}}},"13":{"name":"(anonymous_13)","line":52,"loc":{"start":{"line":52,"column":26},"end":{"line":52,"column":40}}},"14":{"name":"(anonymous_14)","line":76,"loc":{"start":{"line":76,"column":40},"end":{"line":76,"column":59}}},"15":{"name":"(anonymous_15)","line":82,"loc":{"start":{"line":82,"column":27},"end":{"line":82,"column":55}}},"16":{"name":"(anonymous_16)","line":86,"loc":{"start":{"line":86,"column":31},"end":{"line":86,"column":54}}},"17":{"name":"(anonymous_17)","line":97,"loc":{"start":{"line":97,"column":30},"end":{"line":97,"column":46}}},"18":{"name":"(anonymous_18)","line":98,"loc":{"start":{"line":98,"column":19},"end":{"line":98,"column":37}}},"19":{"name":"(anonymous_19)","line":106,"loc":{"start":{"line":106,"column":30},"end":{"line":106,"column":46}}},"20":{"name":"(anonymous_20)","line":107,"loc":{"start":{"line":107,"column":19},"end":{"line":107,"column":37}}},"21":{"name":"(anonymous_21)","line":113,"loc":{"start":{"line":113,"column":35},"end":{"line":113,"column":51}}},"22":{"name":"(anonymous_22)","line":114,"loc":{"start":{"line":114,"column":17},"end":{"line":114,"column":35}}},"23":{"name":"(anonymous_23)","line":122,"loc":{"start":{"line":122,"column":27},"end":{"line":122,"column":38}}},"24":{"name":"(anonymous_24)","line":124,"loc":{"start":{"line":124,"column":28},"end":{"line":124,"column":39}}},"25":{"name":"(anonymous_25)","line":129,"loc":{"start":{"line":129,"column":28},"end":{"line":129,"column":39}}},"26":{"name":"(anonymous_26)","line":133,"loc":{"start":{"line":133,"column":31},"end":{"line":133,"column":42}}}},"statementMap":{"1":{"start":{"line":1,"column":0},"end":{"line":143,"column":14}},"2":{"start":{"line":2,"column":2},"end":{"line":5,"column":292}},"3":{"start":{"line":3,"column":31},"end":{"line":3,"column":84}},"4":{"start":{"line":3,"column":50},"end":{"line":3,"column":81}},"5":{"start":{"line":5,"column":42},"end":{"line":5,"column":128}},"6":{"start":{"line":5,"column":68},"end":{"line":5,"column":126}},"7":{"start":{"line":5,"column":101},"end":{"line":5,"column":126}},"8":{"start":{"line":5,"column":129},"end":{"line":5,"column":174}},"9":{"start":{"line":5,"column":147},"end":{"line":5,"column":172}},"10":{"start":{"line":5,"column":175},"end":{"line":5,"column":209}},"11":{"start":{"line":5,"column":210},"end":{"line":5,"column":239}},"12":{"start":{"line":5,"column":240},"end":{"line":5,"column":275}},"13":{"start":{"line":5,"column":276},"end":{"line":5,"column":289}},"14":{"start":{"line":7,"column":2},"end":{"line":7,"column":31}},"15":{"start":{"line":9,"column":2},"end":{"line":9,"column":42}},"16":{"start":{"line":11,"column":2},"end":{"line":11,"column":19}},"17":{"start":{"line":13,"column":2},"end":{"line":13,"column":34}},"18":{"start":{"line":15,"column":2},"end":{"line":15,"column":42}},"19":{"start":{"line":17,"column":2},"end":{"line":139,"column":16}},"20":{"start":{"line":18,"column":4},"end":{"line":18,"column":29}},"21":{"start":{"line":20,"column":4},"end":{"line":39,"column":5}},"22":{"start":{"line":21,"column":6},"end":{"line":21,"column":54}},"23":{"start":{"line":22,"column":6},"end":{"line":22,"column":19}},"24":{"start":{"line":23,"column":6},"end":{"line":25,"column":7}},"25":{"start":{"line":24,"column":8},"end":{"line":24,"column":43}},"26":{"start":{"line":26,"column":6},"end":{"line":28,"column":7}},"27":{"start":{"line":27,"column":8},"end":{"line":27,"column":50}},"28":{"start":{"line":29,"column":6},"end":{"line":31,"column":7}},"29":{"start":{"line":30,"column":8},"end":{"line":30,"column":63}},"30":{"start":{"line":32,"column":6},"end":{"line":34,"column":9}},"31":{"start":{"line":33,"column":8},"end":{"line":33,"column":30}},"32":{"start":{"line":35,"column":6},"end":{"line":35,"column":62}},"33":{"start":{"line":36,"column":6},"end":{"line":38,"column":7}},"34":{"start":{"line":37,"column":8},"end":{"line":37,"column":33}},"35":{"start":{"line":41,"column":4},"end":{"line":74,"column":6}},"36":{"start":{"line":42,"column":6},"end":{"line":42,"column":52}},"37":{"start":{"line":43,"column":6},"end":{"line":63,"column":15}},"38":{"start":{"line":44,"column":8},"end":{"line":62,"column":10}},"39":{"start":{"line":45,"column":10},"end":{"line":45,"column":60}},"40":{"start":{"line":46,"column":10},"end":{"line":46,"column":113}},"41":{"start":{"line":47,"column":10},"end":{"line":61,"column":11}},"42":{"start":{"line":48,"column":12},"end":{"line":48,"column":59}},"43":{"start":{"line":49,"column":12},"end":{"line":57,"column":13}},"44":{"start":{"line":50,"column":14},"end":{"line":54,"column":17}},"45":{"start":{"line":51,"column":16},"end":{"line":51,"column":48}},"46":{"start":{"line":53,"column":16},"end":{"line":53,"column":70}},"47":{"start":{"line":56,"column":14},"end":{"line":56,"column":46}},"48":{"start":{"line":59,"column":12},"end":{"line":59,"column":25}},"49":{"start":{"line":60,"column":12},"end":{"line":60,"column":33}},"50":{"start":{"line":64,"column":6},"end":{"line":73,"column":7}},"51":{"start":{"line":65,"column":8},"end":{"line":65,"column":22}},"52":{"start":{"line":66,"column":8},"end":{"line":69,"column":9}},"53":{"start":{"line":67,"column":10},"end":{"line":67,"column":33}},"54":{"start":{"line":68,"column":10},"end":{"line":68,"column":47}},"55":{"start":{"line":70,"column":8},"end":{"line":70,"column":24}},"56":{"start":{"line":72,"column":8},"end":{"line":72,"column":36}},"57":{"start":{"line":76,"column":4},"end":{"line":80,"column":6}},"58":{"start":{"line":77,"column":6},"end":{"line":77,"column":25}},"59":{"start":{"line":78,"column":6},"end":{"line":78,"column":42}},"60":{"start":{"line":79,"column":6},"end":{"line":79,"column":69}},"61":{"start":{"line":82,"column":4},"end":{"line":84,"column":6}},"62":{"start":{"line":83,"column":6},"end":{"line":83,"column":53}},"63":{"start":{"line":86,"column":4},"end":{"line":120,"column":6}},"64":{"start":{"line":87,"column":6},"end":{"line":87,"column":67}},"65":{"start":{"line":88,"column":6},"end":{"line":88,"column":21}},"66":{"start":{"line":89,"column":6},"end":{"line":118,"column":7}},"67":{"start":{"line":90,"column":8},"end":{"line":90,"column":42}},"68":{"start":{"line":91,"column":8},"end":{"line":102,"column":9}},"69":{"start":{"line":92,"column":10},"end":{"line":92,"column":32}},"70":{"start":{"line":93,"column":10},"end":{"line":95,"column":11}},"71":{"start":{"line":94,"column":12},"end":{"line":94,"column":21}},"72":{"start":{"line":96,"column":10},"end":{"line":96,"column":32}},"73":{"start":{"line":97,"column":10},"end":{"line":101,"column":19}},"74":{"start":{"line":98,"column":12},"end":{"line":100,"column":14}},"75":{"start":{"line":99,"column":14},"end":{"line":99,"column":49}},"76":{"start":{"line":103,"column":13},"end":{"line":118,"column":7}},"77":{"start":{"line":104,"column":8},"end":{"line":111,"column":9}},"78":{"start":{"line":105,"column":10},"end":{"line":105,"column":35}},"79":{"start":{"line":106,"column":10},"end":{"line":110,"column":19}},"80":{"start":{"line":107,"column":12},"end":{"line":109,"column":14}},"81":{"start":{"line":108,"column":14},"end":{"line":108,"column":48}},"82":{"start":{"line":113,"column":8},"end":{"line":117,"column":17}},"83":{"start":{"line":114,"column":10},"end":{"line":116,"column":12}},"84":{"start":{"line":115,"column":12},"end":{"line":115,"column":53}},"85":{"start":{"line":119,"column":6},"end":{"line":119,"column":23}},"86":{"start":{"line":122,"column":4},"end":{"line":127,"column":6}},"87":{"start":{"line":123,"column":6},"end":{"line":123,"column":35}},"88":{"start":{"line":124,"column":6},"end":{"line":126,"column":8}},"89":{"start":{"line":125,"column":8},"end":{"line":125,"column":35}},"90":{"start":{"line":129,"column":4},"end":{"line":131,"column":6}},"91":{"start":{"line":130,"column":6},"end":{"line":130,"column":58}},"92":{"start":{"line":133,"column":4},"end":{"line":135,"column":6}},"93":{"start":{"line":134,"column":6},"end":{"line":134,"column":21}},"94":{"start":{"line":137,"column":4},"end":{"line":137,"column":17}},"95":{"start":{"line":141,"column":2},"end":{"line":141,"column":25}}},"branchMap":{"1":{"line":5,"type":"if","locations":[{"start":{"line":5,"column":68},"end":{"line":5,"column":68}},{"start":{"line":5,"column":68},"end":{"line":5,"column":68}}]},"2":{"line":26,"type":"if","locations":[{"start":{"line":26,"column":6},"end":{"line":26,"column":6}},{"start":{"line":26,"column":6},"end":{"line":26,"column":6}}]},"3":{"line":29,"type":"if","locations":[{"start":{"line":29,"column":6},"end":{"line":29,"column":6}},{"start":{"line":29,"column":6},"end":{"line":29,"column":6}}]},"4":{"line":36,"type":"if","locations":[{"start":{"line":36,"column":6},"end":{"line":36,"column":6}},{"start":{"line":36,"column":6},"end":{"line":36,"column":6}}]},"5":{"line":49,"type":"if","locations":[{"start":{"line":49,"column":12},"end":{"line":49,"column":12}},{"start":{"line":49,"column":12},"end":{"line":49,"column":12}}]},"6":{"line":49,"type":"binary-expr","locations":[{"start":{"line":49,"column":16},"end":{"line":49,"column":22}},{"start":{"line":49,"column":26},"end":{"line":49,"column":50}}]},"7":{"line":53,"type":"binary-expr","locations":[{"start":{"line":53,"column":32},"end":{"line":53,"column":35}},{"start":{"line":53,"column":39},"end":{"line":53,"column":68}}]},"8":{"line":64,"type":"if","locations":[{"start":{"line":64,"column":6},"end":{"line":64,"column":6}},{"start":{"line":64,"column":6},"end":{"line":64,"column":6}}]},"9":{"line":64,"type":"cond-expr","locations":[{"start":{"line":64,"column":28},"end":{"line":64,"column":42}},{"start":{"line":64,"column":45},"end":{"line":64,"column":51}}]},"10":{"line":89,"type":"if","locations":[{"start":{"line":89,"column":6},"end":{"line":89,"column":6}},{"start":{"line":89,"column":6},"end":{"line":89,"column":6}}]},"11":{"line":93,"type":"if","locations":[{"start":{"line":93,"column":10},"end":{"line":93,"column":10}},{"start":{"line":93,"column":10},"end":{"line":93,"column":10}}]},"12":{"line":103,"type":"if","locations":[{"start":{"line":103,"column":13},"end":{"line":103,"column":13}},{"start":{"line":103,"column":13},"end":{"line":103,"column":13}}]},"13":{"line":130,"type":"binary-expr","locations":[{"start":{"line":130,"column":28},"end":{"line":130,"column":41}},{"start":{"line":130,"column":45},"end":{"line":130,"column":57}}]}}},"/Users/eoliveira/dev/workspace/studio/compiled/core/router.js":{"path":"/Users/eoliveira/dev/workspace/studio/compiled/core/router.js","s":{"1":2,"2":2,"3":2,"4":2,"5":2,"6":2,"7":2,"8":2,"9":1,"10":2,"11":2,"12":2,"13":2,"14":2,"15":2,"16":2,"17":0,"18":2,"19":0,"20":0,"21":0,"22":0,"23":0,"24":0,"25":0,"26":0,"27":0,"28":0,"29":2,"30":0,"31":0,"32":0,"33":0,"34":0,"35":2,"36":2},"b":{"1":[2,0],"2":[0,0]},"f":{"1":2,"2":2,"3":2,"4":2,"5":0,"6":0,"7":0,"8":0,"9":0},"fnMap":{"1":{"name":"(anonymous_1)","line":1,"loc":{"start":{"line":1,"column":1},"end":{"line":1,"column":12}}},"2":{"name":"(anonymous_2)","line":14,"loc":{"start":{"line":14,"column":12},"end":{"line":14,"column":23}}},"3":{"name":"Router","line":15,"loc":{"start":{"line":15,"column":4},"end":{"line":15,"column":22}}},"4":{"name":"(anonymous_4)","line":17,"loc":{"start":{"line":17,"column":40},"end":{"line":17,"column":53}}},"5":{"name":"(anonymous_5)","line":28,"loc":{"start":{"line":28,"column":32},"end":{"line":28,"column":45}}},"6":{"name":"(anonymous_6)","line":32,"loc":{"start":{"line":32,"column":28},"end":{"line":32,"column":64}}},"7":{"name":"(anonymous_7)","line":40,"loc":{"start":{"line":40,"column":18},"end":{"line":40,"column":40}}},"8":{"name":"(anonymous_8)","line":48,"loc":{"start":{"line":48,"column":20},"end":{"line":48,"column":31}}},"9":{"name":"(anonymous_9)","line":54,"loc":{"start":{"line":54,"column":36},"end":{"line":54,"column":47}}}},"statementMap":{"1":{"start":{"line":1,"column":0},"end":{"line":69,"column":14}},"2":{"start":{"line":2,"column":2},"end":{"line":2,"column":46}},"3":{"start":{"line":4,"column":2},"end":{"line":4,"column":34}},"4":{"start":{"line":6,"column":2},"end":{"line":6,"column":19}},"5":{"start":{"line":8,"column":2},"end":{"line":8,"column":29}},"6":{"start":{"line":10,"column":2},"end":{"line":10,"column":34}},"7":{"start":{"line":12,"column":2},"end":{"line":12,"column":15}},"8":{"start":{"line":14,"column":2},"end":{"line":65,"column":7}},"9":{"start":{"line":15,"column":4},"end":{"line":15,"column":24}},"10":{"start":{"line":17,"column":4},"end":{"line":26,"column":6}},"11":{"start":{"line":18,"column":6},"end":{"line":18,"column":17}},"12":{"start":{"line":19,"column":6},"end":{"line":24,"column":7}},"13":{"start":{"line":20,"column":8},"end":{"line":20,"column":33}},"14":{"start":{"line":21,"column":8},"end":{"line":23,"column":10}},"15":{"start":{"line":25,"column":6},"end":{"line":25,"column":32}},"16":{"start":{"line":28,"column":4},"end":{"line":30,"column":6}},"17":{"start":{"line":29,"column":6},"end":{"line":29,"column":25}},"18":{"start":{"line":32,"column":4},"end":{"line":52,"column":6}},"19":{"start":{"line":33,"column":6},"end":{"line":33,"column":33}},"20":{"start":{"line":34,"column":6},"end":{"line":34,"column":24}},"21":{"start":{"line":35,"column":6},"end":{"line":35,"column":32}},"22":{"start":{"line":36,"column":6},"end":{"line":47,"column":8}},"23":{"start":{"line":41,"column":10},"end":{"line":45,"column":11}},"24":{"start":{"line":42,"column":12},"end":{"line":42,"column":37}},"25":{"start":{"line":44,"column":12},"end":{"line":44,"column":41}},"26":{"start":{"line":48,"column":6},"end":{"line":50,"column":9}},"27":{"start":{"line":49,"column":8},"end":{"line":49,"column":43}},"28":{"start":{"line":51,"column":6},"end":{"line":51,"column":27}},"29":{"start":{"line":54,"column":4},"end":{"line":61,"column":6}},"30":{"start":{"line":55,"column":6},"end":{"line":55,"column":26}},"31":{"start":{"line":56,"column":6},"end":{"line":56,"column":20}},"32":{"start":{"line":57,"column":6},"end":{"line":59,"column":7}},"33":{"start":{"line":58,"column":8},"end":{"line":58,"column":29}},"34":{"start":{"line":60,"column":6},"end":{"line":60,"column":22}},"35":{"start":{"line":63,"column":4},"end":{"line":63,"column":18}},"36":{"start":{"line":67,"column":2},"end":{"line":67,"column":32}}},"branchMap":{"1":{"line":19,"type":"if","locations":[{"start":{"line":19,"column":6},"end":{"line":19,"column":6}},{"start":{"line":19,"column":6},"end":{"line":19,"column":6}}]},"2":{"line":41,"type":"if","locations":[{"start":{"line":41,"column":10},"end":{"line":41,"column":10}},{"start":{"line":41,"column":10},"end":{"line":41,"column":10}}]}}},"/Users/eoliveira/dev/workspace/studio/compiled/core/util/timer.js":{"path":"/Users/eoliveira/dev/workspace/studio/compiled/core/util/timer.js","s":{"1":2,"2":2,"3":2,"4":0,"5":0,"6":0,"7":2},"b":{"1":[0,0],"2":[0,0],"3":[0,0]},"f":{"1":2,"2":0},"fnMap":{"1":{"name":"(anonymous_1)","line":1,"loc":{"start":{"line":1,"column":1},"end":{"line":1,"column":12}}},"2":{"name":"(anonymous_2)","line":5,"loc":{"start":{"line":5,"column":13},"end":{"line":5,"column":32}}}},"statementMap":{"1":{"start":{"line":1,"column":0},"end":{"line":16,"column":14}},"2":{"start":{"line":2,"column":2},"end":{"line":2,"column":12}},"3":{"start":{"line":4,"column":2},"end":{"line":12,"column":4}},"4":{"start":{"line":6,"column":6},"end":{"line":10,"column":7}},"5":{"start":{"line":7,"column":8},"end":{"line":7,"column":43}},"6":{"start":{"line":9,"column":8},"end":{"line":9,"column":39}},"7":{"start":{"line":14,"column":2},"end":{"line":14,"column":25}}},"branchMap":{"1":{"line":6,"type":"if","locations":[{"start":{"line":6,"column":6},"end":{"line":6,"column":6}},{"start":{"line":6,"column":6},"end":{"line":6,"column":6}}]},"2":{"line":6,"type":"cond-expr","locations":[{"start":{"line":6,"column":66},"end":{"line":6,"column":83}},{"start":{"line":6,"column":86},"end":{"line":6,"column":92}}]},"3":{"line":6,"type":"binary-expr","locations":[{"start":{"line":6,"column":11},"end":{"line":6,"column":42}},{"start":{"line":6,"column":46},"end":{"line":6,"column":63}}]}}},"/Users/eoliveira/dev/workspace/studio/compiled/core/util/baseClass.js":{"path":"/Users/eoliveira/dev/workspace/studio/compiled/core/util/baseClass.js","s":{"1":2,"2":2,"3":2,"4":2,"5":1,"6":2,"7":0,"8":2,"9":2},"b":{},"f":{"1":2,"2":2,"3":0,"4":0},"fnMap":{"1":{"name":"(anonymous_1)","line":1,"loc":{"start":{"line":1,"column":1},"end":{"line":1,"column":12}}},"2":{"name":"(anonymous_2)","line":6,"loc":{"start":{"line":6,"column":15},"end":{"line":6,"column":26}}},"3":{"name":"BaseClass","line":7,"loc":{"start":{"line":7,"column":4},"end":{"line":7,"column":25}}},"4":{"name":"(anonymous_4)","line":9,"loc":{"start":{"line":9,"column":27},"end":{"line":9,"column":45}}}},"statementMap":{"1":{"start":{"line":1,"column":0},"end":{"line":19,"column":14}},"2":{"start":{"line":2,"column":2},"end":{"line":2,"column":27}},"3":{"start":{"line":4,"column":2},"end":{"line":4,"column":35}},"4":{"start":{"line":6,"column":2},"end":{"line":15,"column":7}},"5":{"start":{"line":7,"column":4},"end":{"line":7,"column":27}},"6":{"start":{"line":9,"column":4},"end":{"line":11,"column":6}},"7":{"start":{"line":10,"column":6},"end":{"line":10,"column":38}},"8":{"start":{"line":13,"column":4},"end":{"line":13,"column":21}},"9":{"start":{"line":17,"column":2},"end":{"line":17,"column":29}}},"branchMap":{}},"/Users/eoliveira/dev/workspace/studio/compiled/core/util/arrayUtil.js":{"path":"/Users/eoliveira/dev/workspace/studio/compiled/core/util/arrayUtil.js","s":{"1":2,"2":2,"3":0},"b":{"1":[2,0]},"f":{"1":2,"2":0},"fnMap":{"1":{"name":"(anonymous_1)","line":1,"loc":{"start":{"line":1,"column":1},"end":{"line":1,"column":12}}},"2":{"name":"(anonymous_2)","line":2,"loc":{"start":{"line":2,"column":44},"end":{"line":2,"column":60}}}},"statementMap":{"1":{"start":{"line":1,"column":0},"end":{"line":6,"column":14}},"2":{"start":{"line":2,"column":2},"end":{"line":4,"column":4}},"3":{"start":{"line":3,"column":4},"end":{"line":3,"column":56}}},"branchMap":{"1":{"line":2,"type":"binary-expr","locations":[{"start":{"line":2,"column":27},"end":{"line":2,"column":40}},{"start":{"line":2,"column":44},"end":{"line":4,"column":3}}]}}},"/Users/eoliveira/dev/workspace/studio/compiled/core/actorFactory.js":{"path":"/Users/eoliveira/dev/workspace/studio/compiled/core/actorFactory.js","s":{"1":1,"2":1,"3":2,"4":4,"5":4,"6":1,"7":2,"8":2,"9":2,"10":2,"11":2,"12":1,"13":1,"14":1,"15":1,"16":1,"17":1,"18":1,"19":1,"20":1,"21":1,"22":0,"23":0,"24":0,"25":0,"26":0,"27":0,"28":0,"29":0,"30":0,"31":0,"32":0,"33":0,"34":0,"35":0,"36":0,"37":0,"38":0,"39":0,"40":0,"41":0,"42":0,"43":0,"44":0,"45":0,"46":0,"47":0,"48":0,"49":0,"50":0,"51":0,"52":1,"53":1,"54":1,"55":1,"56":1,"57":1,"58":0,"59":0,"60":0,"61":0,"62":0,"63":1,"64":1},"b":{"1":[4,0],"2":[0,0],"3":[0,0],"4":[0,0],"5":[0,0],"6":[0,0]},"f":{"1":1,"2":2,"3":2,"4":1,"5":1,"6":0,"7":0,"8":0,"9":0,"10":0,"11":1,"12":1,"13":0},"fnMap":{"1":{"name":"(anonymous_1)","line":1,"loc":{"start":{"line":1,"column":1},"end":{"line":1,"column":12}}},"2":{"name":"(anonymous_2)","line":4,"loc":{"start":{"line":4,"column":16},"end":{"line":4,"column":40}}},"3":{"name":"ctor","line":4,"loc":{"start":{"line":4,"column":129},"end":{"line":4,"column":145}}},"4":{"name":"(anonymous_4)","line":16,"loc":{"start":{"line":16,"column":18},"end":{"line":16,"column":35}}},"5":{"name":"ActorFactory","line":19,"loc":{"start":{"line":19,"column":4},"end":{"line":19,"column":28}}},"6":{"name":"(anonymous_6)","line":23,"loc":{"start":{"line":23,"column":37},"end":{"line":23,"column":55}}},"7":{"name":"(anonymous_7)","line":26,"loc":{"start":{"line":26,"column":16},"end":{"line":26,"column":49}}},"8":{"name":"(anonymous_8)","line":40,"loc":{"start":{"line":40,"column":22},"end":{"line":40,"column":47}}},"9":{"name":"(anonymous_9)","line":43,"loc":{"start":{"line":43,"column":19},"end":{"line":43,"column":30}}},"10":{"name":"(anonymous_10)","line":48,"loc":{"start":{"line":48,"column":19},"end":{"line":48,"column":30}}},"11":{"name":"(anonymous_11)","line":77,"loc":{"start":{"line":77,"column":24},"end":{"line":77,"column":41}}},"12":{"name":"InterceptorFactory","line":80,"loc":{"start":{"line":80,"column":4},"end":{"line":80,"column":34}}},"13":{"name":"(anonymous_13)","line":84,"loc":{"start":{"line":84,"column":43},"end":{"line":84,"column":61}}}},"statementMap":{"1":{"start":{"line":1,"column":0},"end":{"line":108,"column":14}},"2":{"start":{"line":2,"column":2},"end":{"line":4,"column":292}},"3":{"start":{"line":4,"column":42},"end":{"line":4,"column":128}},"4":{"start":{"line":4,"column":68},"end":{"line":4,"column":126}},"5":{"start":{"line":4,"column":101},"end":{"line":4,"column":126}},"6":{"start":{"line":4,"column":129},"end":{"line":4,"column":174}},"7":{"start":{"line":4,"column":147},"end":{"line":4,"column":172}},"8":{"start":{"line":4,"column":175},"end":{"line":4,"column":209}},"9":{"start":{"line":4,"column":210},"end":{"line":4,"column":239}},"10":{"start":{"line":4,"column":240},"end":{"line":4,"column":275}},"11":{"start":{"line":4,"column":276},"end":{"line":4,"column":289}},"12":{"start":{"line":6,"column":2},"end":{"line":6,"column":29}},"13":{"start":{"line":8,"column":2},"end":{"line":8,"column":31}},"14":{"start":{"line":10,"column":2},"end":{"line":10,"column":20}},"15":{"start":{"line":12,"column":2},"end":{"line":12,"column":14}},"16":{"start":{"line":14,"column":2},"end":{"line":14,"column":15}},"17":{"start":{"line":16,"column":2},"end":{"line":75,"column":12}},"18":{"start":{"line":17,"column":4},"end":{"line":17,"column":36}},"19":{"start":{"line":19,"column":4},"end":{"line":21,"column":5}},"20":{"start":{"line":20,"column":6},"end":{"line":20,"column":71}},"21":{"start":{"line":23,"column":4},"end":{"line":71,"column":6}},"22":{"start":{"line":24,"column":6},"end":{"line":24,"column":43}},"23":{"start":{"line":25,"column":6},"end":{"line":25,"column":37}},"24":{"start":{"line":26,"column":6},"end":{"line":60,"column":8}},"25":{"start":{"line":27,"column":8},"end":{"line":27,"column":76}},"26":{"start":{"line":28,"column":8},"end":{"line":28,"column":32}},"27":{"start":{"line":29,"column":8},"end":{"line":34,"column":9}},"28":{"start":{"line":30,"column":10},"end":{"line":30,"column":41}},"29":{"start":{"line":31,"column":10},"end":{"line":33,"column":11}},"30":{"start":{"line":32,"column":12},"end":{"line":32,"column":49}},"31":{"start":{"line":35,"column":8},"end":{"line":39,"column":10}},"32":{"start":{"line":40,"column":8},"end":{"line":53,"column":10}},"33":{"start":{"line":41,"column":10},"end":{"line":41,"column":24}},"34":{"start":{"line":42,"column":10},"end":{"line":52,"column":11}},"35":{"start":{"line":43,"column":12},"end":{"line":45,"column":14}},"36":{"start":{"line":44,"column":14},"end":{"line":44,"column":77}},"37":{"start":{"line":47,"column":12},"end":{"line":47,"column":69}},"38":{"start":{"line":48,"column":12},"end":{"line":51,"column":14}},"39":{"start":{"line":49,"column":14},"end":{"line":49,"column":61}},"40":{"start":{"line":50,"column":14},"end":{"line":50,"column":61}},"41":{"start":{"line":54,"column":8},"end":{"line":59,"column":9}},"42":{"start":{"line":55,"column":10},"end":{"line":55,"column":73}},"43":{"start":{"line":57,"column":10},"end":{"line":57,"column":49}},"44":{"start":{"line":58,"column":10},"end":{"line":58,"column":84}},"45":{"start":{"line":61,"column":6},"end":{"line":61,"column":22}},"46":{"start":{"line":62,"column":6},"end":{"line":65,"column":9}},"47":{"start":{"line":66,"column":6},"end":{"line":66,"column":50}},"48":{"start":{"line":67,"column":6},"end":{"line":67,"column":33}},"49":{"start":{"line":68,"column":6},"end":{"line":68,"column":26}},"50":{"start":{"line":69,"column":6},"end":{"line":69,"column":25}},"51":{"start":{"line":70,"column":6},"end":{"line":70,"column":19}},"52":{"start":{"line":73,"column":4},"end":{"line":73,"column":24}},"53":{"start":{"line":77,"column":2},"end":{"line":97,"column":12}},"54":{"start":{"line":78,"column":4},"end":{"line":78,"column":42}},"55":{"start":{"line":80,"column":4},"end":{"line":82,"column":5}},"56":{"start":{"line":81,"column":6},"end":{"line":81,"column":77}},"57":{"start":{"line":84,"column":4},"end":{"line":93,"column":6}},"58":{"start":{"line":85,"column":6},"end":{"line":85,"column":29}},"59":{"start":{"line":86,"column":6},"end":{"line":86,"column":37}},"60":{"start":{"line":87,"column":6},"end":{"line":87,"column":39}},"61":{"start":{"line":88,"column":6},"end":{"line":91,"column":9}},"62":{"start":{"line":92,"column":6},"end":{"line":92,"column":25}},"63":{"start":{"line":95,"column":4},"end":{"line":95,"column":30}},"64":{"start":{"line":99,"column":2},"end":{"line":106,"column":4}}},"branchMap":{"1":{"line":4,"type":"if","locations":[{"start":{"line":4,"column":68},"end":{"line":4,"column":68}},{"start":{"line":4,"column":68},"end":{"line":4,"column":68}}]},"2":{"line":25,"type":"binary-expr","locations":[{"start":{"line":25,"column":14},"end":{"line":25,"column":27}},{"start":{"line":25,"column":31},"end":{"line":25,"column":36}}]},"3":{"line":31,"type":"if","locations":[{"start":{"line":31,"column":10},"end":{"line":31,"column":10}},{"start":{"line":31,"column":10},"end":{"line":31,"column":10}}]},"4":{"line":42,"type":"if","locations":[{"start":{"line":42,"column":10},"end":{"line":42,"column":10}},{"start":{"line":42,"column":10},"end":{"line":42,"column":10}}]},"5":{"line":54,"type":"if","locations":[{"start":{"line":54,"column":8},"end":{"line":54,"column":8}},{"start":{"line":54,"column":8},"end":{"line":54,"column":8}}]},"6":{"line":86,"type":"binary-expr","locations":[{"start":{"line":86,"column":14},"end":{"line":86,"column":27}},{"start":{"line":86,"column":31},"end":{"line":86,"column":36}}]}}},"/Users/eoliveira/dev/workspace/studio/compiled/core/driver.js":{"path":"/Users/eoliveira/dev/workspace/studio/compiled/core/driver.js","s":{"1":1,"2":1,"3":1,"4":1,"5":1,"6":1,"7":1,"8":1,"9":1,"10":1,"11":1,"12":1,"13":1,"14":1,"15":1,"16":1,"17":1,"18":0,"19":0,"20":0,"21":0,"22":0,"23":0,"24":0,"25":1,"26":0,"27":0,"28":0,"29":0,"30":1,"31":1},"b":{"1":[1,0],"2":[0,0],"3":[0,0],"4":[0,0]},"f":{"1":1,"2":1,"3":1,"4":1,"5":0,"6":0},"fnMap":{"1":{"name":"(anonymous_1)","line":1,"loc":{"start":{"line":1,"column":1},"end":{"line":1,"column":12}}},"2":{"name":"(anonymous_2)","line":4,"loc":{"start":{"line":4,"column":16},"end":{"line":4,"column":40}}},"3":{"name":"ctor","line":4,"loc":{"start":{"line":4,"column":129},"end":{"line":4,"column":145}}},"4":{"name":"(anonymous_4)","line":13,"loc":{"start":{"line":13,"column":12},"end":{"line":13,"column":29}}},"5":{"name":"Driver","line":16,"loc":{"start":{"line":16,"column":4},"end":{"line":16,"column":29}}},"6":{"name":"(anonymous_6)","line":29,"loc":{"start":{"line":29,"column":28},"end":{"line":29,"column":39}}}},"statementMap":{"1":{"start":{"line":1,"column":0},"end":{"line":42,"column":14}},"2":{"start":{"line":2,"column":2},"end":{"line":5,"column":23}},"3":{"start":{"line":4,"column":42},"end":{"line":4,"column":128}},"4":{"start":{"line":4,"column":68},"end":{"line":4,"column":126}},"5":{"start":{"line":4,"column":101},"end":{"line":4,"column":126}},"6":{"start":{"line":4,"column":129},"end":{"line":4,"column":174}},"7":{"start":{"line":4,"column":147},"end":{"line":4,"column":172}},"8":{"start":{"line":4,"column":175},"end":{"line":4,"column":209}},"9":{"start":{"line":4,"column":210},"end":{"line":4,"column":239}},"10":{"start":{"line":4,"column":240},"end":{"line":4,"column":275}},"11":{"start":{"line":4,"column":276},"end":{"line":4,"column":289}},"12":{"start":{"line":7,"column":2},"end":{"line":7,"column":29}},"13":{"start":{"line":9,"column":2},"end":{"line":9,"column":31}},"14":{"start":{"line":11,"column":2},"end":{"line":11,"column":42}},"15":{"start":{"line":13,"column":2},"end":{"line":38,"column":16}},"16":{"start":{"line":14,"column":4},"end":{"line":14,"column":30}},"17":{"start":{"line":16,"column":4},"end":{"line":27,"column":5}},"18":{"start":{"line":17,"column":6},"end":{"line":17,"column":19}},"19":{"start":{"line":18,"column":6},"end":{"line":20,"column":7}},"20":{"start":{"line":19,"column":8},"end":{"line":19,"column":43}},"21":{"start":{"line":21,"column":6},"end":{"line":23,"column":7}},"22":{"start":{"line":22,"column":8},"end":{"line":22,"column":62}},"23":{"start":{"line":24,"column":6},"end":{"line":26,"column":7}},"24":{"start":{"line":25,"column":8},"end":{"line":25,"column":33}},"25":{"start":{"line":29,"column":4},"end":{"line":34,"column":6}},"26":{"start":{"line":30,"column":6},"end":{"line":30,"column":45}},"27":{"start":{"line":31,"column":6},"end":{"line":31,"column":69}},"28":{"start":{"line":32,"column":6},"end":{"line":32,"column":109}},"29":{"start":{"line":33,"column":6},"end":{"line":33,"column":49}},"30":{"start":{"line":36,"column":4},"end":{"line":36,"column":18}},"31":{"start":{"line":40,"column":2},"end":{"line":40,"column":26}}},"branchMap":{"1":{"line":4,"type":"if","locations":[{"start":{"line":4,"column":68},"end":{"line":4,"column":68}},{"start":{"line":4,"column":68},"end":{"line":4,"column":68}}]},"2":{"line":21,"type":"if","locations":[{"start":{"line":21,"column":6},"end":{"line":21,"column":6}},{"start":{"line":21,"column":6},"end":{"line":21,"column":6}}]},"3":{"line":24,"type":"if","locations":[{"start":{"line":24,"column":6},"end":{"line":24,"column":6}},{"start":{"line":24,"column":6},"end":{"line":24,"column":6}}]},"4":{"line":31,"type":"cond-expr","locations":[{"start":{"line":31,"column":37},"end":{"line":31,"column":63}},{"start":{"line":31,"column":66},"end":{"line":31,"column":68}}]}}},"/Users/eoliveira/dev/workspace/studio/compiled/core/studio.js":{"path":"/Users/eoliveira/dev/workspace/studio/compiled/core/studio.js","s":{"1":1,"2":1,"3":1,"4":1,"5":1,"6":1,"7":0,"8":0,"9":0,"10":0},"b":{"1":[1,0],"2":[0,0]},"f":{"1":1,"2":0},"fnMap":{"1":{"name":"(anonymous_1)","line":1,"loc":{"start":{"line":1,"column":1},"end":{"line":1,"column":12}}},"2":{"name":"(anonymous_2)","line":18,"loc":{"start":{"line":18,"column":16},"end":{"line":18,"column":27}}}},"statementMap":{"1":{"start":{"line":1,"column":0},"end":{"line":28,"column":14}},"2":{"start":{"line":2,"column":2},"end":{"line":2,"column":36}},"3":{"start":{"line":4,"column":2},"end":{"line":4,"column":40}},"4":{"start":{"line":6,"column":2},"end":{"line":6,"column":23}},"5":{"start":{"line":8,"column":2},"end":{"line":8,"column":29}},"6":{"start":{"line":10,"column":2},"end":{"line":26,"column":4}},"7":{"start":{"line":19,"column":6},"end":{"line":23,"column":7}},"8":{"start":{"line":20,"column":8},"end":{"line":20,"column":35}},"9":{"start":{"line":22,"column":8},"end":{"line":22,"column":30}},"10":{"start":{"line":24,"column":6},"end":{"line":24,"column":18}}},"branchMap":{"1":{"line":6,"type":"binary-expr","locations":[{"start":{"line":6,"column":12},"end":{"line":6,"column":16}},{"start":{"line":6,"column":20},"end":{"line":6,"column":22}}]},"2":{"line":19,"type":"if","locations":[{"start":{"line":19,"column":6},"end":{"line":19,"column":6}},{"start":{"line":19,"column":6},"end":{"line":19,"column":6}}]}}}}