TN:
SF:/Users/eoliveira/dev/workspace/studio/Gruntfile.js
FNF:0
FNH:0
DA:1,1
DA:2,1
DA:3,1
DA:4,1
DA:5,1
DA:6,1
DA:7,1
DA:8,1
DA:9,1
DA:10,1
DA:11,1
DA:12,1
DA:14,1
DA:103,1
DA:104,1
DA:105,1
DA:106,1
DA:107,1
DA:108,1
DA:109,1
LF:20
LH:20
BRF:0
BRH:0
end_of_record
TN:
SF:/Users/eoliveira/dev/workspace/studio/compiled/core/actor.js
FN:1,(anonymous_1)
FN:3,(anonymous_2)
FN:3,(anonymous_3)
FN:5,(anonymous_4)
FN:5,ctor
FN:17,(anonymous_6)
FN:20,Actor
FN:32,(anonymous_8)
FN:41,(anonymous_9)
FN:43,(anonymous_10)
FN:44,(anonymous_11)
FN:50,(anonymous_12)
FN:52,(anonymous_13)
FN:76,(anonymous_14)
FN:82,(anonymous_15)
FN:86,(anonymous_16)
FN:97,(anonymous_17)
FN:98,(anonymous_18)
FN:106,(anonymous_19)
FN:107,(anonymous_20)
FN:113,(anonymous_21)
FN:114,(anonymous_22)
FN:122,(anonymous_23)
FN:124,(anonymous_24)
FN:129,(anonymous_25)
FN:133,(anonymous_26)
FNF:26
FNH:6
FNDA:1,(anonymous_1)
FNDA:2,(anonymous_2)
FNDA:0,(anonymous_3)
FNDA:1,(anonymous_4)
FNDA:1,ctor
FNDA:1,(anonymous_6)
FNDA:2,Actor
FNDA:0,(anonymous_8)
FNDA:0,(anonymous_9)
FNDA:0,(anonymous_10)
FNDA:0,(anonymous_11)
FNDA:0,(anonymous_12)
FNDA:0,(anonymous_13)
FNDA:0,(anonymous_14)
FNDA:0,(anonymous_15)
FNDA:0,(anonymous_16)
FNDA:0,(anonymous_17)
FNDA:0,(anonymous_18)
FNDA:0,(anonymous_19)
FNDA:0,(anonymous_20)
FNDA:0,(anonymous_21)
FNDA:0,(anonymous_22)
FNDA:0,(anonymous_23)
FNDA:0,(anonymous_24)
FNDA:0,(anonymous_25)
FNDA:0,(anonymous_26)
DA:1,1
DA:2,1
DA:3,2
DA:5,1
DA:7,1
DA:9,1
DA:11,1
DA:13,1
DA:15,1
DA:17,1
DA:18,1
DA:20,1
DA:21,2
DA:22,2
DA:23,2
DA:24,2
DA:26,2
DA:27,0
DA:29,2
DA:30,0
DA:32,2
DA:33,0
DA:35,2
DA:36,2
DA:37,0
DA:41,1
DA:42,0
DA:43,0
DA:44,0
DA:45,0
DA:46,0
DA:47,0
DA:48,0
DA:49,0
DA:50,0
DA:51,0
DA:53,0
DA:56,0
DA:59,0
DA:60,0
DA:64,0
DA:65,0
DA:66,0
DA:67,0
DA:68,0
DA:70,0
DA:72,0
DA:76,1
DA:77,0
DA:78,0
DA:79,0
DA:82,1
DA:83,0
DA:86,1
DA:87,0
DA:88,0
DA:89,0
DA:90,0
DA:91,0
DA:92,0
DA:93,0
DA:94,0
DA:96,0
DA:97,0
DA:98,0
DA:99,0
DA:103,0
DA:104,0
DA:105,0
DA:106,0
DA:107,0
DA:108,0
DA:113,0
DA:114,0
DA:115,0
DA:119,0
DA:122,1
DA:123,0
DA:124,0
DA:125,0
DA:129,1
DA:130,0
DA:133,1
DA:134,0
DA:137,1
DA:141,1
LF:86
LH:30
BRDA:5,1,0,1
BRDA:5,1,1,0
BRDA:26,2,0,0
BRDA:26,2,1,2
BRDA:29,3,0,0
BRDA:29,3,1,2
BRDA:36,4,0,0
BRDA:36,4,1,2
BRDA:49,5,0,0
BRDA:49,5,1,0
BRDA:49,6,0,0
BRDA:49,6,1,0
BRDA:53,7,0,0
BRDA:53,7,1,0
BRDA:64,8,0,0
BRDA:64,8,1,0
BRDA:64,9,0,0
BRDA:64,9,1,0
BRDA:89,10,0,0
BRDA:89,10,1,0
BRDA:93,11,0,0
BRDA:93,11,1,0
BRDA:103,12,0,0
BRDA:103,12,1,0
BRDA:130,13,0,0
BRDA:130,13,1,0
BRF:26
BRH:4
end_of_record
TN:
SF:/Users/eoliveira/dev/workspace/studio/compiled/core/router.js
FN:1,(anonymous_1)
FN:14,(anonymous_2)
FN:15,Router
FN:17,(anonymous_4)
FN:28,(anonymous_5)
FN:32,(anonymous_6)
FN:40,(anonymous_7)
FN:48,(anonymous_8)
FN:54,(anonymous_9)
FNF:9
FNH:4
FNDA:2,(anonymous_1)
FNDA:2,(anonymous_2)
FNDA:2,Router
FNDA:2,(anonymous_4)
FNDA:0,(anonymous_5)
FNDA:0,(anonymous_6)
FNDA:0,(anonymous_7)
FNDA:0,(anonymous_8)
FNDA:0,(anonymous_9)
DA:1,2
DA:2,2
DA:4,2
DA:6,2
DA:8,2
DA:10,2
DA:12,2
DA:14,2
DA:15,1
DA:17,2
DA:18,2
DA:19,2
DA:20,2
DA:21,2
DA:25,2
DA:28,2
DA:29,0
DA:32,2
DA:33,0
DA:34,0
DA:35,0
DA:36,0
DA:41,0
DA:42,0
DA:44,0
DA:48,0
DA:49,0
DA:51,0
DA:54,2
DA:55,0
DA:56,0
DA:57,0
DA:58,0
DA:60,0
DA:63,2
DA:67,2
LF:36
LH:20
BRDA:19,1,0,2
BRDA:19,1,1,0
BRDA:41,2,0,0
BRDA:41,2,1,0
BRF:4
BRH:1
end_of_record
TN:
SF:/Users/eoliveira/dev/workspace/studio/compiled/core/util/timer.js
FN:1,(anonymous_1)
FN:5,(anonymous_2)
FNF:2
FNH:1
FNDA:2,(anonymous_1)
FNDA:0,(anonymous_2)
DA:1,2
DA:2,2
DA:4,2
DA:6,0
DA:7,0
DA:9,0
DA:14,2
LF:7
LH:4
BRDA:6,1,0,0
BRDA:6,1,1,0
BRDA:6,2,0,0
BRDA:6,2,1,0
BRDA:6,3,0,0
BRDA:6,3,1,0
BRF:6
BRH:0
end_of_record
TN:
SF:/Users/eoliveira/dev/workspace/studio/compiled/core/util/baseClass.js
FN:1,(anonymous_1)
FN:6,(anonymous_2)
FN:7,BaseClass
FN:9,(anonymous_4)
FNF:4
FNH:2
FNDA:2,(anonymous_1)
FNDA:2,(anonymous_2)
FNDA:0,BaseClass
FNDA:0,(anonymous_4)
DA:1,2
DA:2,2
DA:4,2
DA:6,2
DA:7,1
DA:9,2
DA:10,0
DA:13,2
DA:17,2
LF:9
LH:8
BRF:0
BRH:0
end_of_record
TN:
SF:/Users/eoliveira/dev/workspace/studio/compiled/core/util/arrayUtil.js
FN:1,(anonymous_1)
FN:2,(anonymous_2)
FNF:2
FNH:1
FNDA:2,(anonymous_1)
FNDA:0,(anonymous_2)
DA:1,2
DA:2,2
DA:3,0
LF:3
LH:2
BRDA:2,1,0,2
BRDA:2,1,1,0
BRF:2
BRH:1
end_of_record
TN:
SF:/Users/eoliveira/dev/workspace/studio/compiled/core/actorFactory.js
FN:1,(anonymous_1)
FN:4,(anonymous_2)
FN:4,ctor
FN:16,(anonymous_4)
FN:19,ActorFactory
FN:23,(anonymous_6)
FN:26,(anonymous_7)
FN:40,(anonymous_8)
FN:43,(anonymous_9)
FN:48,(anonymous_10)
FN:77,(anonymous_11)
FN:80,InterceptorFactory
FN:84,(anonymous_13)
FNF:13
FNH:7
FNDA:1,(anonymous_1)
FNDA:2,(anonymous_2)
FNDA:2,ctor
FNDA:1,(anonymous_4)
FNDA:1,ActorFactory
FNDA:0,(anonymous_6)
FNDA:0,(anonymous_7)
FNDA:0,(anonymous_8)
FNDA:0,(anonymous_9)
FNDA:0,(anonymous_10)
FNDA:1,(anonymous_11)
FNDA:1,InterceptorFactory
FNDA:0,(anonymous_13)
DA:1,1
DA:2,1
DA:4,4
DA:6,1
DA:8,1
DA:10,1
DA:12,1
DA:14,1
DA:16,1
DA:17,1
DA:19,1
DA:20,1
DA:23,1
DA:24,0
DA:25,0
DA:26,0
DA:27,0
DA:28,0
DA:29,0
DA:30,0
DA:31,0
DA:32,0
DA:35,0
DA:40,0
DA:41,0
DA:42,0
DA:43,0
DA:44,0
DA:47,0
DA:48,0
DA:49,0
DA:50,0
DA:54,0
DA:55,0
DA:57,0
DA:58,0
DA:61,0
DA:62,0
DA:66,0
DA:67,0
DA:68,0
DA:69,0
DA:70,0
DA:73,1
DA:77,1
DA:78,1
DA:80,1
DA:81,1
DA:84,1
DA:85,0
DA:86,0
DA:87,0
DA:88,0
DA:92,0
DA:95,1
DA:99,1
LF:56
LH:21
BRDA:4,1,0,4
BRDA:4,1,1,0
BRDA:25,2,0,0
BRDA:25,2,1,0
BRDA:31,3,0,0
BRDA:31,3,1,0
BRDA:42,4,0,0
BRDA:42,4,1,0
BRDA:54,5,0,0
BRDA:54,5,1,0
BRDA:86,6,0,0
BRDA:86,6,1,0
BRF:12
BRH:1
end_of_record
TN:
SF:/Users/eoliveira/dev/workspace/studio/compiled/core/driver.js
FN:1,(anonymous_1)
FN:4,(anonymous_2)
FN:4,ctor
FN:13,(anonymous_4)
FN:16,Driver
FN:29,(anonymous_6)
FNF:6
FNH:4
FNDA:1,(anonymous_1)
FNDA:1,(anonymous_2)
FNDA:1,ctor
FNDA:1,(anonymous_4)
FNDA:0,Driver
FNDA:0,(anonymous_6)
DA:1,1
DA:2,1
DA:4,1
DA:7,1
DA:9,1
DA:11,1
DA:13,1
DA:14,1
DA:16,1
DA:17,0
DA:18,0
DA:19,0
DA:21,0
DA:22,0
DA:24,0
DA:25,0
DA:29,1
DA:30,0
DA:31,0
DA:32,0
DA:33,0
DA:36,1
DA:40,1
LF:23
LH:12
BRDA:4,1,0,1
BRDA:4,1,1,0
BRDA:21,2,0,0
BRDA:21,2,1,0
BRDA:24,3,0,0
BRDA:24,3,1,0
BRDA:31,4,0,0
BRDA:31,4,1,0
BRF:8
BRH:1
end_of_record
TN:
SF:/Users/eoliveira/dev/workspace/studio/compiled/core/studio.js
FN:1,(anonymous_1)
FN:18,(anonymous_2)
FNF:2
FNH:1
FNDA:1,(anonymous_1)
FNDA:0,(anonymous_2)
DA:1,1
DA:2,1
DA:4,1
DA:6,1
DA:8,1
DA:10,1
DA:19,0
DA:20,0
DA:22,0
DA:24,0
LF:10
LH:6
BRDA:6,1,0,1
BRDA:6,1,1,0
BRDA:19,2,0,0
BRDA:19,2,1,0
BRF:4
BRH:1
end_of_record
